<?xml version="1.0" encoding="UTF-8"?>
<!-- Generated by org.testng.reporters.JUnitReportReporter -->
<testsuite hostname="DLI10-IT-MADHAV" failures="0" tests="3" name="com.safexp.MDM.automation.pagelibraryNew.SafexpressTrackPage" time="18.666" errors="0" timestamp="2023-02-09T11:14:19 IST" skipped="0">
  <testcase classname="com.safexp.MDM.automation.pagelibraryNew.SafexpressTrackPage" name="trackWaybillInfo" time="7.527"/>
  <system-out/>
  <testcase classname="com.safexp.MDM.automation.pagelibraryNew.SafexpressTrackPage" name="trackEwaybillInfo" time="4.615"/>
  <system-out/>
  <testcase classname="com.safexp.MDM.automation.pagelibraryNew.SafexpressTrackPage" name="trackInvoiceInfo" time="6.524"/>
  <system-out/>
</testsuite> <!-- com.safexp.MDM.automation.pagelibraryNew.SafexpressTrackPage -->
