<?xml version="1.0" encoding="UTF-8"?>
<!-- Generated by org.testng.reporters.JUnitReportReporter -->
<testsuite hostname="DLI10-IT-MADHAV" failures="0" tests="2" name="com.safexp.MDM.automation.pagelibraryNew.SafexpressRateAndTimePage" time="35.454" errors="0" timestamp="2023-02-08T21:24:48 IST" skipped="0">
  <testcase classname="com.safexp.MDM.automation.pagelibraryNew.SafexpressRateAndTimePage" name="rateAndTimeGetdtailsAndGetRate" time="10.202"/>
  <system-out/>
  <testcase classname="com.safexp.MDM.automation.pagelibraryNew.SafexpressRateAndTimePage" name="rateAndTimeCalculate" time="25.252"/>
  <system-out/>
</testsuite> <!-- com.safexp.MDM.automation.pagelibraryNew.SafexpressRateAndTimePage -->
