<?xml version="1.0" encoding="UTF-8"?>
<!-- Generated by org.testng.reporters.JUnitReportReporter -->
<testsuite hostname="DLI10-IT-MADHAV" failures="0" tests="1" name="com.safexp.MDM.automation.pagelibraryNew.SafexpressPincodePage" time="6.639" errors="0" timestamp="2023-02-09T11:18:02 IST" skipped="0">
  <testcase classname="com.safexp.MDM.automation.pagelibraryNew.SafexpressPincodePage" name="PincodePincodeServed" time="6.639"/>
  <system-out/>
</testsuite> <!-- com.safexp.MDM.automation.pagelibraryNew.SafexpressPincodePage -->
